[26-Apr-2021 15:09:39 Europe/London] [warning]		Controller class Hom doesn't exist.
		#0:	C:\xampp\htdocs\mvc-test\Core\Exceptions\RouterException.php:18
			Function: add
			Class: Core\Log
		#1:	C:\xampp\htdocs\mvc-test\Core\Router.php:77
			Function: __construct
			Class: Core\Exceptions\RouterException
		#2:	C:\xampp\htdocs\mvc-test\index.php:25
			Function: dispatch
			Class: Core\Router
[26-Apr-2021 15:10:54 Europe/London] [warning]		Controller class Hom doesn't exist.
		#0:	C:\xampp\htdocs\mvc-test\Core\Exceptions\RouterException.php:18
			Function: add
			Class: Core\Log
		#1:	C:\xampp\htdocs\mvc-test\Core\Router.php:77
			Function: __construct
			Class: Core\Exceptions\RouterException
		#2:	C:\xampp\htdocs\mvc-test\index.php:25
			Function: dispatch
			Class: Core\Router
[26-Apr-2021 15:30:07 Europe/London] [warning]		Controller class StartPage doesn't exist.
		#0:	C:\xampp\htdocs\mvc-test\Core\Exceptions\RouterException.php:18
			Function: add
			Class: Core\Log
		#1:	C:\xampp\htdocs\mvc-test\Core\Router.php:76
			Function: __construct
			Class: Core\Exceptions\RouterException
		#2:	C:\xampp\htdocs\mvc-test\index.php:24
			Function: dispatch
			Class: Core\Router
[26-Apr-2021 15:30:26 Europe/London] [warning]		Controller class StartPage doesn't exist.
		#0:	C:\xampp\htdocs\mvc-test\Core\Exceptions\RouterException.php:18
			Function: add
			Class: Core\Log
		#1:	C:\xampp\htdocs\mvc-test\Core\Router.php:76
			Function: __construct
			Class: Core\Exceptions\RouterException
		#2:	C:\xampp\htdocs\mvc-test\index.php:24
			Function: dispatch
			Class: Core\Router
[26-Apr-2021 15:30:41 Europe/London] [warning]		Controller class StartPage doesn't exist.
		#0:	C:\xampp\htdocs\mvc-test\Core\Exceptions\RouterException.php:18
			Function: add
			Class: Core\Log
		#1:	C:\xampp\htdocs\mvc-test\Core\Router.php:76
			Function: __construct
			Class: Core\Exceptions\RouterException
		#2:	C:\xampp\htdocs\mvc-test\index.php:24
			Function: dispatch
			Class: Core\Router
[26-Apr-2021 15:30:48 Europe/London] [warning]		Controller class StartPage doesn't exist.
		#0:	C:\xampp\htdocs\mvc-test\Core\Exceptions\RouterException.php:18
			Function: add
			Class: Core\Log
		#1:	C:\xampp\htdocs\mvc-test\Core\Router.php:76
			Function: __construct
			Class: Core\Exceptions\RouterException
		#2:	C:\xampp\htdocs\mvc-test\index.php:24
			Function: dispatch
			Class: Core\Router
[26-Apr-2021 19:29:03 Europe/Berlin] [warning]		Controller class StartPage doesn't exist.
		#0:	C:\xampp\htdocs\PHP-MVC-Framework\Core\Exceptions\RouterException.php:20
			Function: add
			Class: Core\Log
		#1:	C:\xampp\htdocs\PHP-MVC-Framework\Core\Router.php:76
			Function: __construct
			Class: Core\Exceptions\RouterException
		#2:	C:\xampp\htdocs\PHP-MVC-Framework\index.php:24
			Function: dispatch
			Class: Core\Router
[26-Apr-2021 19:29:30 Europe/Berlin] [warning]		Controller class StartPage doesn't exist.
		#0:	C:\xampp\htdocs\PHP-MVC-Framework\Core\Exceptions\RouterException.php:20
			Function: add
			Class: Core\Log
		#1:	C:\xampp\htdocs\PHP-MVC-Framework\Core\Router.php:76
			Function: __construct
			Class: Core\Exceptions\RouterException
		#2:	C:\xampp\htdocs\PHP-MVC-Framework\index.php:24
			Function: dispatch
			Class: Core\Router
